c:\users\hidde\desktop\jaymod-master\src\release\lua.pdb
c:\users\hidde\desktop\jaymod-master\src\lua\release\lparser.obj
c:\users\hidde\desktop\jaymod-master\src\lua\release\loslib.obj
c:\users\hidde\desktop\jaymod-master\src\lua\release\lopcodes.obj
c:\users\hidde\desktop\jaymod-master\src\lua\release\lobject.obj
c:\users\hidde\desktop\jaymod-master\src\lua\release\loadlib.obj
c:\users\hidde\desktop\jaymod-master\src\lua\release\lmem.obj
c:\users\hidde\desktop\jaymod-master\src\lua\release\lmathlib.obj
c:\users\hidde\desktop\jaymod-master\src\lua\release\llex.obj
c:\users\hidde\desktop\jaymod-master\src\lua\release\liolib.obj
c:\users\hidde\desktop\jaymod-master\src\lua\release\linit.obj
c:\users\hidde\desktop\jaymod-master\src\lua\release\lgc.obj
c:\users\hidde\desktop\jaymod-master\src\lua\release\lfunc.obj
c:\users\hidde\desktop\jaymod-master\src\lua\release\ldump.obj
c:\users\hidde\desktop\jaymod-master\src\lua\release\ldo.obj
c:\users\hidde\desktop\jaymod-master\src\lua\release\ldebug.obj
c:\users\hidde\desktop\jaymod-master\src\lua\release\ldblib.obj
c:\users\hidde\desktop\jaymod-master\src\lua\release\lcode.obj
c:\users\hidde\desktop\jaymod-master\src\lua\release\lbaselib.obj
c:\users\hidde\desktop\jaymod-master\src\lua\release\lauxlib.obj
c:\users\hidde\desktop\jaymod-master\src\lua\release\lapi.obj
c:\users\hidde\desktop\jaymod-master\src\lua\release\print.obj
c:\users\hidde\desktop\jaymod-master\src\lua\release\lzio.obj
c:\users\hidde\desktop\jaymod-master\src\lua\release\lvm.obj
c:\users\hidde\desktop\jaymod-master\src\lua\release\lundump.obj
c:\users\hidde\desktop\jaymod-master\src\lua\release\ltm.obj
c:\users\hidde\desktop\jaymod-master\src\lua\release\ltablib.obj
c:\users\hidde\desktop\jaymod-master\src\lua\release\ltable.obj
c:\users\hidde\desktop\jaymod-master\src\lua\release\lstrlib.obj
c:\users\hidde\desktop\jaymod-master\src\lua\release\lstring.obj
c:\users\hidde\desktop\jaymod-master\src\lua\release\lstate.obj
c:\users\hidde\desktop\jaymod-master\src\release\lua.lib
c:\users\hidde\desktop\jaymod-master\src\lua\release\lua.tlog\cl.command.1.tlog
c:\users\hidde\desktop\jaymod-master\src\lua\release\lua.tlog\cl.items.tlog
c:\users\hidde\desktop\jaymod-master\src\lua\release\lua.tlog\cl.read.1.tlog
c:\users\hidde\desktop\jaymod-master\src\lua\release\lua.tlog\cl.write.1.tlog
c:\users\hidde\desktop\jaymod-master\src\lua\release\lua.tlog\lib-link.write.1.tlog
c:\users\hidde\desktop\jaymod-master\src\lua\release\lua.tlog\lib.command.1.tlog
c:\users\hidde\desktop\jaymod-master\src\lua\release\lua.tlog\lib.read.1.tlog
