  AbstractBulletModel.cpp
  g_active.cpp
  g_alarm.cpp
  g_missile.cpp
  g_molotov.cpp
  g_vote.cpp
  g_weapon.cpp
  About.cpp
  AbstractBuiltin.cpp
  FTime.cpp
  Glow.cpp
  Page.cpp
  Pants.cpp
  SetProfile.cpp
  SetLevel.cpp
  Slap.cpp
  Smite.cpp
  UserList.cpp
  bg_animation.cpp
  SampledStat.cpp
  Generating Code...
  Compiling...
  g_etbot_interface.cpp
  Generating Code...
  Engine.cpp
  util.cpp
  util.cpp
  Cvar.cpp
  util.cpp
  Process.cpp
     Creating library .\Release\qagame_mp_x86.lib and object .\Release\qagame_mp_x86.exp
  game.vcxproj -> C:\Users\hidde\Desktop\jaymod-AC\src\Release\qagame_mp_x86.dll
  Copy to ET
