c:\users\hidde\desktop\jaymod-master\src\game\release\game.pch
c:\users\hidde\desktop\jaymod-master\src\game\release\vc145.pdb
c:\users\hidde\desktop\jaymod-master\src\game\release\g_main.obj
c:\users\hidde\desktop\jaymod-master\src\game\release\g_alarm.obj
c:\users\hidde\desktop\jaymod-master\src\game\release\g_active.obj
c:\users\hidde\desktop\jaymod-master\src\game\release\etpro_mdx.obj
c:\users\hidde\desktop\jaymod-master\src\game\release\etmainhitmodel.obj
c:\users\hidde\desktop\jaymod-master\src\game\release\etmainbulletmodel.obj
c:\users\hidde\desktop\jaymod-master\src\game\release\entityhitmodel.obj
c:\users\hidde\desktop\jaymod-master\src\game\release\entitybulletmodel.obj
c:\users\hidde\desktop\jaymod-master\src\game\release\entity.obj
c:\users\hidde\desktop\jaymod-master\src\game\release\database.obj
c:\users\hidde\desktop\jaymod-master\src\game\release\client.obj
c:\users\hidde\desktop\jaymod-master\src\game\release\censordb.obj
c:\users\hidde\desktop\jaymod-master\src\game\release\basichitmodel.obj
c:\users\hidde\desktop\jaymod-master\src\game\release\alignedcuboidhv.obj
c:\users\hidde\desktop\jaymod-master\src\game\release\advancedhitmodel.obj
c:\users\hidde\desktop\jaymod-master\src\game\release\adminlog.obj
c:\users\hidde\desktop\jaymod-master\src\game\release\abstractstatehitmodel.obj
c:\users\hidde\desktop\jaymod-master\src\game\release\abstracthitvolume.obj
c:\users\hidde\desktop\jaymod-master\src\game\release\abstracthitmodel.obj
c:\users\hidde\desktop\jaymod-master\src\game\release\abstractbulletvolume.obj
c:\users\hidde\desktop\jaymod-master\src\game\release\abstractbulletmodel.obj
c:\users\hidde\desktop\jaymod-master\src\game\release\g_multiview.obj
c:\users\hidde\desktop\jaymod-master\src\game\release\g_mover.obj
c:\users\hidde\desktop\jaymod-master\src\game\release\g_molotov.obj
c:\users\hidde\desktop\jaymod-master\src\game\release\g_missile.obj
c:\users\hidde\desktop\jaymod-master\src\game\release\g_misc.obj
c:\users\hidde\desktop\jaymod-master\src\game\release\g_mem.obj
c:\users\hidde\desktop\jaymod-master\src\game\release\g_match.obj
c:\users\hidde\desktop\jaymod-master\src\game\release\g_killingspree.obj
c:\users\hidde\desktop\jaymod-master\src\game\release\g_jaymod_utils.obj
c:\users\hidde\desktop\jaymod-master\src\game\release\g_jaymod.obj
c:\users\hidde\desktop\jaymod-master\src\game\release\g_items.obj
c:\users\hidde\desktop\jaymod-master\src\game\release\g_fireteams.obj
c:\users\hidde\desktop\jaymod-master\src\game\release\g_config.obj
c:\users\hidde\desktop\jaymod-master\src\game\release\g_combat.obj
c:\users\hidde\desktop\jaymod-master\src\game\release\g_cmds_ext.obj
c:\users\hidde\desktop\jaymod-master\src\game\release\g_cmds.obj
c:\users\hidde\desktop\jaymod-master\src\game\release\g_client.obj
c:\users\hidde\desktop\jaymod-master\src\game\release\g_character.obj
c:\users\hidde\desktop\jaymod-master\src\game\release\g_buddy_list.obj
c:\users\hidde\desktop\jaymod-master\src\game\release\g_antilag.obj
c:\users\hidde\desktop\jaymod-master\src\game\release\leveldb.obj
c:\users\hidde\desktop\jaymod-master\src\game\release\level.obj
c:\users\hidde\desktop\jaymod-master\src\game\release\g_weapon.obj
c:\users\hidde\desktop\jaymod-master\src\game\release\g_vote.obj
c:\users\hidde\desktop\jaymod-master\src\game\release\g_utils.obj
c:\users\hidde\desktop\jaymod-master\src\game\release\g_trigger.obj
c:\users\hidde\desktop\jaymod-master\src\game\release\g_teammapdata.obj
c:\users\hidde\desktop\jaymod-master\src\game\release\g_team.obj
c:\users\hidde\desktop\jaymod-master\src\game\release\g_target.obj
c:\users\hidde\desktop\jaymod-master\src\game\release\g_systemmsg.obj
c:\users\hidde\desktop\jaymod-master\src\game\release\g_syscalls.obj
c:\users\hidde\desktop\jaymod-master\src\game\release\g_svcmds.obj
c:\users\hidde\desktop\jaymod-master\src\game\release\g_sv_entities.obj
c:\users\hidde\desktop\jaymod-master\src\game\release\g_stats.obj
c:\users\hidde\desktop\jaymod-master\src\game\release\g_spawn.obj
c:\users\hidde\desktop\jaymod-master\src\game\release\g_session.obj
c:\users\hidde\desktop\jaymod-master\src\game\release\g_script_actions.obj
c:\users\hidde\desktop\jaymod-master\src\game\release\g_script.obj
c:\users\hidde\desktop\jaymod-master\src\game\release\g_referee.obj
c:\users\hidde\desktop\jaymod-master\src\game\release\g_props.obj
c:\users\hidde\desktop\jaymod-master\src\game\release\admintest.obj
c:\users\hidde\desktop\jaymod-master\src\game\release\abstractcommand.obj
c:\users\hidde\desktop\jaymod-master\src\game\release\abstractbuiltin.obj
c:\users\hidde\desktop\jaymod-master\src\game\release\about.obj
c:\users\hidde\desktop\jaymod-master\src\game\release\userdb.obj
c:\users\hidde\desktop\jaymod-master\src\game\release\user.obj
c:\users\hidde\desktop\jaymod-master\src\game\release\tracecontext.obj
c:\users\hidde\desktop\jaymod-master\src\game\release\static.obj
c:\users\hidde\desktop\jaymod-master\src\game\release\standardhitmodel.obj
c:\users\hidde\desktop\jaymod-master\src\game\release\singlebulletvolume.obj
c:\users\hidde\desktop\jaymod-master\src\game\release\sengine.obj
c:\users\hidde\desktop\jaymod-master\src\game\release\privilegeset.obj
c:\users\hidde\desktop\jaymod-master\src\game\release\privilege.obj
c:\users\hidde\desktop\jaymod-master\src\game\release\orientedhitmodel.obj
c:\users\hidde\desktop\jaymod-master\src\game\release\orientedcuboidhv.obj
c:\users\hidde\desktop\jaymod-master\src\game\release\muzzlebulletmodel.obj
c:\users\hidde\desktop\jaymod-master\src\game\release\maprecord.obj
c:\users\hidde\desktop\jaymod-master\src\game\release\mapentitylist.obj
c:\users\hidde\desktop\jaymod-master\src\game\release\mapentity.obj
c:\users\hidde\desktop\jaymod-master\src\game\release\mapdb.obj
c:\users\hidde\desktop\jaymod-master\src\game\release\launcha.obj
c:\users\hidde\desktop\jaymod-master\src\game\release\launch.obj
c:\users\hidde\desktop\jaymod-master\src\game\release\kick.obj
c:\users\hidde\desktop\jaymod-master\src\game\release\help.obj
c:\users\hidde\desktop\jaymod-master\src\game\release\glow.obj
c:\users\hidde\desktop\jaymod-master\src\game\release\ftime.obj
c:\users\hidde\desktop\jaymod-master\src\game\release\flinga.obj
c:\users\hidde\desktop\jaymod-master\src\game\release\fling.obj
c:\users\hidde\desktop\jaymod-master\src\game\release\finger.obj
c:\users\hidde\desktop\jaymod-master\src\game\release\disorient.obj
c:\users\hidde\desktop\jaymod-master\src\game\release\dbsave.obj
c:\users\hidde\desktop\jaymod-master\src\game\release\dbload.obj
c:\users\hidde\desktop\jaymod-master\src\game\release\crybaby.obj
c:\users\hidde\desktop\jaymod-master\src\game\release\crazygravity.obj
c:\users\hidde\desktop\jaymod-master\src\game\release\chicken.obj
c:\users\hidde\desktop\jaymod-master\src\game\release\cancelvote.obj
c:\users\hidde\desktop\jaymod-master\src\game\release\banuser.obj
c:\users\hidde\desktop\jaymod-master\src\game\release\banlist.obj
c:\users\hidde\desktop\jaymod-master\src\game\release\baninfo.obj
c:\users\hidde\desktop\jaymod-master\src\game\release\ban.obj
c:\users\hidde\desktop\jaymod-master\src\game\release\putteam.obj
c:\users\hidde\desktop\jaymod-master\src\game\release\pop.obj
c:\users\hidde\desktop\jaymod-master\src\game\release\pip.obj
c:\users\hidde\desktop\jaymod-master\src\game\release\pause.obj
c:\users\hidde\desktop\jaymod-master\src\game\release\panzerwar.obj
c:\users\hidde\desktop\jaymod-master\src\game\release\pants.obj
c:\users\hidde\desktop\jaymod-master\src\game\release\page.obj
c:\users\hidde\desktop\jaymod-master\src\game\release\orient.obj
c:\users\hidde\desktop\jaymod-master\src\game\release\nextmap.obj
c:\users\hidde\desktop\jaymod-master\src\game\release\news.obj
c:\users\hidde\desktop\jaymod-master\src\game\release\mute.obj
c:\users\hidde\desktop\jaymod-master\src\game\release\lsplayers.obj
c:\users\hidde\desktop\jaymod-master\src\game\release\lol.obj
c:\users\hidde\desktop\jaymod-master\src\game\release\lock.obj
c:\users\hidde\desktop\jaymod-master\src\game\release\listplayers.obj
c:\users\hidde\desktop\jaymod-master\src\game\release\levlist.obj
c:\users\hidde\desktop\jaymod-master\src\game\release\levinfo.obj
c:\users\hidde\desktop\jaymod-master\src\game\release\levedit.obj
c:\users\hidde\desktop\jaymod-master\src\game\release\levdelete.obj
c:\users\hidde\desktop\jaymod-master\src\game\release\levadd.obj
c:\users\hidde\desktop\jaymod-master\src\game\release\throw.obj
c:\users\hidde\desktop\jaymod-master\src\game\release\swap.obj
c:\users\hidde\desktop\jaymod-master\src\game\release\status.obj
c:\users\hidde\desktop\jaymod-master\src\game\release\splata.obj
c:\users\hidde\desktop\jaymod-master\src\game\release\splat.obj
c:\users\hidde\desktop\jaymod-master\src\game\release\spec999.obj
c:\users\hidde\desktop\jaymod-master\src\game\release\spec.obj
c:\users\hidde\desktop\jaymod-master\src\game\release\sniperwar.obj
c:\users\hidde\desktop\jaymod-master\src\game\release\smite.obj
c:\users\hidde\desktop\jaymod-master\src\game\release\slap.obj
c:\users\hidde\desktop\jaymod-master\src\game\release\shuffle.obj
c:\users\hidde\desktop\jaymod-master\src\game\release\shake.obj
c:\users\hidde\desktop\jaymod-master\src\game\release\setlevel.obj
c:\users\hidde\desktop\jaymod-master\src\game\release\seen.obj
c:\users\hidde\desktop\jaymod-master\src\game\release\revive.obj
c:\users\hidde\desktop\jaymod-master\src\game\release\restart.obj
c:\users\hidde\desktop\jaymod-master\src\game\release\resetxp.obj
c:\users\hidde\desktop\jaymod-master\src\game\release\resetmyxp.obj
c:\users\hidde\desktop\jaymod-master\src\game\release\reset.obj
c:\users\hidde\desktop\jaymod-master\src\game\release\rename.obj
c:\users\hidde\desktop\jaymod-master\src\game\release\bg_molotov.obj
c:\users\hidde\desktop\jaymod-master\src\game\release\bg_misc.obj
c:\users\hidde\desktop\jaymod-master\src\game\release\bg_jaymod.obj
c:\users\hidde\desktop\jaymod-master\src\game\release\bg_classes.obj
c:\users\hidde\desktop\jaymod-master\src\game\release\bg_character.obj
c:\users\hidde\desktop\jaymod-master\src\game\release\bg_campaign.obj
c:\users\hidde\desktop\jaymod-master\src\game\release\bg_attack2.obj
c:\users\hidde\desktop\jaymod-master\src\game\release\bg_animgroup.obj
c:\users\hidde\desktop\jaymod-master\src\game\release\bg_animation.obj
c:\users\hidde\desktop\jaymod-master\src\game\release\userlist.obj
c:\users\hidde\desktop\jaymod-master\src\game\release\userinfo.obj
c:\users\hidde\desktop\jaymod-master\src\game\release\useredit.obj
c:\users\hidde\desktop\jaymod-master\src\game\release\userdelete.obj
c:\users\hidde\desktop\jaymod-master\src\game\release\uptime.obj
c:\users\hidde\desktop\jaymod-master\src\game\release\unpause.obj
c:\users\hidde\desktop\jaymod-master\src\game\release\unmute.obj
c:\users\hidde\desktop\jaymod-master\src\game\release\unlock.obj
c:\users\hidde\desktop\jaymod-master\src\game\release\unban.obj
c:\users\hidde\desktop\jaymod-master\src\game\release\time.obj
c:\users\hidde\desktop\jaymod-master\src\game\release\throwa.obj
c:\users\hidde\desktop\jaymod-master\src\game\release\g_etbot_interface.obj
c:\users\hidde\desktop\jaymod-master\src\game\release\botloadlibrary.obj
c:\users\hidde\desktop\jaymod-master\src\game\release\loader.obj
c:\users\hidde\desktop\jaymod-master\src\game\release\cvar.obj
c:\users\hidde\desktop\jaymod-master\src\game\release\util.obj
c:\users\hidde\desktop\jaymod-master\src\game\release\pairdump.obj
c:\users\hidde\desktop\jaymod-master\src\game\release\bg_cpu.obj
c:\users\hidde\desktop\jaymod-master\src\game\release\sampledstat.obj
c:\users\hidde\desktop\jaymod-master\src\game\release\q_shared.obj
c:\users\hidde\desktop\jaymod-master\src\game\release\q_math.obj
c:\users\hidde\desktop\jaymod-master\src\game\release\process.obj
c:\users\hidde\desktop\jaymod-master\src\game\release\logger.obj
c:\users\hidde\desktop\jaymod-master\src\game\release\engine.obj
c:\users\hidde\desktop\jaymod-master\src\game\release\bg_tracemap.obj
c:\users\hidde\desktop\jaymod-master\src\game\release\bg_stats.obj
c:\users\hidde\desktop\jaymod-master\src\game\release\bg_sscript.obj
c:\users\hidde\desktop\jaymod-master\src\game\release\bg_slidemove.obj
c:\users\hidde\desktop\jaymod-master\src\game\release\bg_pmove.obj
c:\users\hidde\desktop\jaymod-master\src\game\release\engine1.obj
c:\users\hidde\desktop\jaymod-master\src\game\release\util3.obj
c:\users\hidde\desktop\jaymod-master\src\game\release\util4.obj
c:\users\hidde\desktop\jaymod-master\src\game\release\cvar1.obj
c:\users\hidde\desktop\jaymod-master\src\game\release\util6.obj
c:\users\hidde\desktop\jaymod-master\src\game\release\cgameprocess.obj
c:\users\hidde\desktop\jaymod-master\src\release\qagame_mp_x86.dll
c:\users\hidde\desktop\jaymod-master\src\game\release\qagame_mp_x86.map
c:\users\hidde\desktop\jaymod-master\src\game\release\qagame_mp_x86.pdb
c:\users\hidde\desktop\jaymod-master\src\game\release\qagame_mp_x86.lib
c:\users\hidde\desktop\jaymod-master\src\game\release\qagame_mp_x86.exp
c:\users\hidde\desktop\jaymod-master\src\release\qagame_mp_x86.ilk
c:\users\hidde\desktop\jaymod-master\src\game\release\..\release\qagame_mp_x86.pdb
c:\users\hidde\desktop\jaymod-master\src\game\release\game.tlog\cl.command.1.tlog
c:\users\hidde\desktop\jaymod-master\src\game\release\game.tlog\cl.items.tlog
c:\users\hidde\desktop\jaymod-master\src\game\release\game.tlog\cl.read.1.tlog
c:\users\hidde\desktop\jaymod-master\src\game\release\game.tlog\cl.write.1.tlog
c:\users\hidde\desktop\jaymod-master\src\game\release\game.tlog\link.command.1.tlog
c:\users\hidde\desktop\jaymod-master\src\game\release\game.tlog\link.read.1.tlog
c:\users\hidde\desktop\jaymod-master\src\game\release\game.tlog\link.secondary.1.tlog
c:\users\hidde\desktop\jaymod-master\src\game\release\game.tlog\link.write.1.tlog
