c:\users\hidde\desktop\jaymod-master\src\ui\release\ui.pch
c:\users\hidde\desktop\jaymod-master\src\ui\release\vc145.pdb
c:\users\hidde\desktop\jaymod-master\src\ui\release\ui_main.obj
c:\users\hidde\desktop\jaymod-master\src\ui\release\util.obj
c:\users\hidde\desktop\jaymod-master\src\ui\release\pairdump.obj
c:\users\hidde\desktop\jaymod-master\src\ui\release\cvar.obj
c:\users\hidde\desktop\jaymod-master\src\ui\release\bg_cpu.obj
c:\users\hidde\desktop\jaymod-master\src\ui\release\q_shared.obj
c:\users\hidde\desktop\jaymod-master\src\ui\release\q_math.obj
c:\users\hidde\desktop\jaymod-master\src\ui\release\ui_syscalls.obj
c:\users\hidde\desktop\jaymod-master\src\ui\release\ui_shared.obj
c:\users\hidde\desktop\jaymod-master\src\ui\release\ui_players.obj
c:\users\hidde\desktop\jaymod-master\src\ui\release\ui_loadpanel.obj
c:\users\hidde\desktop\jaymod-master\src\ui\release\ui_gameinfo.obj
c:\users\hidde\desktop\jaymod-master\src\ui\release\ui_atoms.obj
c:\users\hidde\desktop\jaymod-master\src\ui\release\static.obj
c:\users\hidde\desktop\jaymod-master\src\ui\release\cvar1.obj
c:\users\hidde\desktop\jaymod-master\src\ui\release\bg_campaign1.obj
c:\users\hidde\desktop\jaymod-master\src\ui\release\bg_classes1.obj
c:\users\hidde\desktop\jaymod-master\src\ui\release\bg_jaymod1.obj
c:\users\hidde\desktop\jaymod-master\src\ui\release\bg_misc1.obj
c:\users\hidde\desktop\jaymod-master\src\release\ui_mp_x86.dll
c:\users\hidde\desktop\jaymod-master\src\ui\release\ui_mp_x86.map
c:\users\hidde\desktop\jaymod-master\src\ui\release\ui_mp_x86.pdb
c:\users\hidde\desktop\jaymod-master\src\ui\release\ui_mp_x86.lib
c:\users\hidde\desktop\jaymod-master\src\ui\release\ui_mp_x86.exp
c:\users\hidde\desktop\jaymod-master\src\release\ui_mp_x86.ilk
c:\users\hidde\desktop\jaymod-master\src\ui\release\..\release\ui_mp_x86.pdb
c:\users\hidde\desktop\jaymod-master\src\ui\release\ui.tlog\cl.command.1.tlog
c:\users\hidde\desktop\jaymod-master\src\ui\release\ui.tlog\cl.items.tlog
c:\users\hidde\desktop\jaymod-master\src\ui\release\ui.tlog\cl.read.1.tlog
c:\users\hidde\desktop\jaymod-master\src\ui\release\ui.tlog\cl.write.1.tlog
c:\users\hidde\desktop\jaymod-master\src\ui\release\ui.tlog\link.command.1.tlog
c:\users\hidde\desktop\jaymod-master\src\ui\release\ui.tlog\link.read.1.tlog
c:\users\hidde\desktop\jaymod-master\src\ui\release\ui.tlog\link.secondary.1.tlog
c:\users\hidde\desktop\jaymod-master\src\ui\release\ui.tlog\link.write.1.tlog
