c:\users\hidde\desktop\jaymod-master\src\cgame\release\cgame.pch
c:\users\hidde\desktop\jaymod-master\src\cgame\release\vc145.pdb
c:\users\hidde\desktop\jaymod-master\src\cgame\release\cg_main.obj
c:\users\hidde\desktop\jaymod-master\src\cgame\release\cg_missionbriefing.obj
c:\users\hidde\desktop\jaymod-master\src\cgame\release\cg_marks.obj
c:\users\hidde\desktop\jaymod-master\src\cgame\release\cg_localents.obj
c:\users\hidde\desktop\jaymod-master\src\cgame\release\cg_loadpanel.obj
c:\users\hidde\desktop\jaymod-master\src\cgame\release\cg_limbopanel.obj
c:\users\hidde\desktop\jaymod-master\src\cgame\release\cg_info.obj
c:\users\hidde\desktop\jaymod-master\src\cgame\release\cg_flamethrower.obj
c:\users\hidde\desktop\jaymod-master\src\cgame\release\cg_fireteams.obj
c:\users\hidde\desktop\jaymod-master\src\cgame\release\cg_fireteamoverlay.obj
c:\users\hidde\desktop\jaymod-master\src\cgame\release\cg_event.obj
c:\users\hidde\desktop\jaymod-master\src\cgame\release\cg_ents.obj
c:\users\hidde\desktop\jaymod-master\src\cgame\release\cg_effects.obj
c:\users\hidde\desktop\jaymod-master\src\cgame\release\cg_drawtools.obj
c:\users\hidde\desktop\jaymod-master\src\cgame\release\cg_draw.obj
c:\users\hidde\desktop\jaymod-master\src\cgame\release\cg_debriefing.obj
c:\users\hidde\desktop\jaymod-master\src\cgame\release\cg_consolecmds.obj
c:\users\hidde\desktop\jaymod-master\src\cgame\release\cg_commandmap.obj
c:\users\hidde\desktop\jaymod-master\src\cgame\release\cg_character.obj
c:\users\hidde\desktop\jaymod-master\src\cgame\release\cg_atmospheric.obj
c:\users\hidde\desktop\jaymod-master\src\cgame\release\cbulletvolume.obj
c:\users\hidde\desktop\jaymod-master\src\cgame\release\cg_weapons.obj
c:\users\hidde\desktop\jaymod-master\src\cgame\release\cg_view.obj
c:\users\hidde\desktop\jaymod-master\src\cgame\release\cg_trails.obj
c:\users\hidde\desktop\jaymod-master\src\cgame\release\cg_text.obj
c:\users\hidde\desktop\jaymod-master\src\cgame\release\cg_syscalls.obj
c:\users\hidde\desktop\jaymod-master\src\cgame\release\cg_statsranksmedals.obj
c:\users\hidde\desktop\jaymod-master\src\cgame\release\cg_spawn.obj
c:\users\hidde\desktop\jaymod-master\src\cgame\release\cg_sound.obj
c:\users\hidde\desktop\jaymod-master\src\cgame\release\cg_snapshot.obj
c:\users\hidde\desktop\jaymod-master\src\cgame\release\cg_servercmds.obj
c:\users\hidde\desktop\jaymod-master\src\cgame\release\cg_scoreboard.obj
c:\users\hidde\desktop\jaymod-master\src\cgame\release\cg_predict.obj
c:\users\hidde\desktop\jaymod-master\src\cgame\release\cg_popupmessages.obj
c:\users\hidde\desktop\jaymod-master\src\cgame\release\cg_polybus.obj
c:\users\hidde\desktop\jaymod-master\src\cgame\release\cg_playerstate.obj
c:\users\hidde\desktop\jaymod-master\src\cgame\release\cg_players.obj
c:\users\hidde\desktop\jaymod-master\src\cgame\release\cg_particles.obj
c:\users\hidde\desktop\jaymod-master\src\cgame\release\cg_newdraw.obj
c:\users\hidde\desktop\jaymod-master\src\cgame\release\cg_multiview.obj
c:\users\hidde\desktop\jaymod-master\src\cgame\release\cg_molotov.obj
c:\users\hidde\desktop\jaymod-master\src\cgame\release\bg_sscript.obj
c:\users\hidde\desktop\jaymod-master\src\cgame\release\bg_slidemove.obj
c:\users\hidde\desktop\jaymod-master\src\cgame\release\bg_pmove.obj
c:\users\hidde\desktop\jaymod-master\src\cgame\release\bg_molotov.obj
c:\users\hidde\desktop\jaymod-master\src\cgame\release\bg_misc.obj
c:\users\hidde\desktop\jaymod-master\src\cgame\release\bg_jaymod.obj
c:\users\hidde\desktop\jaymod-master\src\cgame\release\bg_classes.obj
c:\users\hidde\desktop\jaymod-master\src\cgame\release\bg_character.obj
c:\users\hidde\desktop\jaymod-master\src\cgame\release\bg_campaign.obj
c:\users\hidde\desktop\jaymod-master\src\cgame\release\bg_attack2.obj
c:\users\hidde\desktop\jaymod-master\src\cgame\release\bg_animgroup.obj
c:\users\hidde\desktop\jaymod-master\src\cgame\release\bg_animation.obj
c:\users\hidde\desktop\jaymod-master\src\cgame\release\cg_hardware.obj
c:\users\hidde\desktop\jaymod-master\src\cgame\release\static.obj
c:\users\hidde\desktop\jaymod-master\src\cgame\release\locationdb.obj
c:\users\hidde\desktop\jaymod-master\src\cgame\release\location.obj
c:\users\hidde\desktop\jaymod-master\src\cgame\release\font.obj
c:\users\hidde\desktop\jaymod-master\src\cgame\release\console.obj
c:\users\hidde\desktop\jaymod-master\src\cgame\release\chitvolume.obj
c:\users\hidde\desktop\jaymod-master\src\cgame\release\cg_window.obj
c:\users\hidde\desktop\jaymod-master\src\cgame\release\ui_shared.obj
c:\users\hidde\desktop\jaymod-master\src\cgame\release\cvar.obj
c:\users\hidde\desktop\jaymod-master\src\cgame\release\util.obj
c:\users\hidde\desktop\jaymod-master\src\cgame\release\pairdump.obj
c:\users\hidde\desktop\jaymod-master\src\cgame\release\bg_cpu.obj
c:\users\hidde\desktop\jaymod-master\src\cgame\release\sampledstat.obj
c:\users\hidde\desktop\jaymod-master\src\cgame\release\q_shared.obj
c:\users\hidde\desktop\jaymod-master\src\cgame\release\q_math.obj
c:\users\hidde\desktop\jaymod-master\src\cgame\release\process.obj
c:\users\hidde\desktop\jaymod-master\src\cgame\release\logger.obj
c:\users\hidde\desktop\jaymod-master\src\cgame\release\engine.obj
c:\users\hidde\desktop\jaymod-master\src\cgame\release\bg_tracemap.obj
c:\users\hidde\desktop\jaymod-master\src\cgame\release\bg_stats.obj
c:\users\hidde\desktop\jaymod-master\src\cgame\release\engine1.obj
c:\users\hidde\desktop\jaymod-master\src\cgame\release\cvar1.obj
c:\users\hidde\desktop\jaymod-master\src\cgame\release\util4.obj
c:\users\hidde\desktop\jaymod-master\src\cgame\release\cgameprocess.obj
c:\users\hidde\desktop\jaymod-master\src\release\cgame_mp_x86.dll
c:\users\hidde\desktop\jaymod-master\src\cgame\release\cgame_mp_x86.map
c:\users\hidde\desktop\jaymod-master\src\cgame\release\cgame_mp_x86.pdb
c:\users\hidde\desktop\jaymod-master\src\cgame\release\cgame_mp_x86.lib
c:\users\hidde\desktop\jaymod-master\src\cgame\release\cgame_mp_x86.exp
c:\users\hidde\desktop\jaymod-master\src\release\cgame_mp_x86.ilk
c:\users\hidde\desktop\jaymod-master\src\cgame\release\..\release\cgame_mp_x86.pdb
c:\users\hidde\desktop\jaymod-master\src\cgame\release\cgame.tlog\cl.command.1.tlog
c:\users\hidde\desktop\jaymod-master\src\cgame\release\cgame.tlog\cl.items.tlog
c:\users\hidde\desktop\jaymod-master\src\cgame\release\cgame.tlog\cl.read.1.tlog
c:\users\hidde\desktop\jaymod-master\src\cgame\release\cgame.tlog\cl.write.1.tlog
c:\users\hidde\desktop\jaymod-master\src\cgame\release\cgame.tlog\link.command.1.tlog
c:\users\hidde\desktop\jaymod-master\src\cgame\release\cgame.tlog\link.read.1.tlog
c:\users\hidde\desktop\jaymod-master\src\cgame\release\cgame.tlog\link.secondary.1.tlog
c:\users\hidde\desktop\jaymod-master\src\cgame\release\cgame.tlog\link.write.1.tlog
