c:\users\hidde\desktop\jaymod-master\src\base\release\base.pch
c:\users\hidde\desktop\jaymod-master\src\release\base.pdb
c:\users\hidde\desktop\jaymod-master\src\base\release\base.obj
c:\users\hidde\desktop\jaymod-master\src\base\release\luacontext.obj
c:\users\hidde\desktop\jaymod-master\src\base\release\terminaldevice.obj
c:\users\hidde\desktop\jaymod-master\src\base\release\manipulator.obj
c:\users\hidde\desktop\jaymod-master\src\base\release\inlinetext.obj
c:\users\hidde\desktop\jaymod-master\src\base\release\etdevice.obj
c:\users\hidde\desktop\jaymod-master\src\base\release\buffer.obj
c:\users\hidde\desktop\jaymod-master\src\base\release\abstractdevice.obj
c:\users\hidde\desktop\jaymod-master\src\base\release\cksum.obj
c:\users\hidde\desktop\jaymod-master\src\base\release\baseutil.obj
c:\users\hidde\desktop\jaymod-master\src\base\release\strutil.obj
c:\users\hidde\desktop\jaymod-master\src\release\base.lib
c:\users\hidde\desktop\jaymod-master\src\base\release\base.tlog\cl.command.1.tlog
c:\users\hidde\desktop\jaymod-master\src\base\release\base.tlog\cl.items.tlog
c:\users\hidde\desktop\jaymod-master\src\base\release\base.tlog\cl.read.1.tlog
c:\users\hidde\desktop\jaymod-master\src\base\release\base.tlog\cl.write.1.tlog
c:\users\hidde\desktop\jaymod-master\src\base\release\base.tlog\lib-link.write.1.tlog
c:\users\hidde\desktop\jaymod-master\src\base\release\base.tlog\lib.command.1.tlog
c:\users\hidde\desktop\jaymod-master\src\base\release\base.tlog\lib.read.1.tlog
