  cg_main.cpp
  CBulletVolume.cpp
  cg_atmospheric.cpp
  cg_character.cpp
  cg_commandmap.cpp
  cg_consolecmds.cpp
  cg_debriefing.cpp
  cg_draw.cpp
C:\Users\hidde\Desktop\jaymod-AC\src\cgame\cg_draw.cpp(4199,47): warning C4838: conversion from 'int' to 'float' requires a narrowing conversion
  (compiling source file '/cg_draw.cpp')
  
  cg_drawtools.cpp
  cg_effects.cpp
  cg_ents.cpp
  cg_event.cpp
  cg_fireteamoverlay.cpp
  cg_fireteams.cpp
  cg_flamethrower.cpp
  cg_info.cpp
  cg_limbopanel.cpp
  cg_loadpanel.cpp
  cg_localents.cpp
  cg_marks.cpp
  cg_missionbriefing.cpp
  Generating Code...
  Compiling...
  cg_molotov.cpp
  cg_multiview.cpp
  cg_newDraw.cpp
  cg_particles.cpp
  cg_players.cpp
  cg_playerstate.cpp
  cg_polybus.cpp
  cg_popupmessages.cpp
  cg_predict.cpp
  cg_scoreboard.cpp
  cg_servercmds.cpp
  cg_snapshot.cpp
  cg_sound.cpp
  cg_spawn.cpp
  cg_statsranksmedals.cpp
  cg_syscalls.cpp
  cg_text.cpp
  cg_trails.cpp
  cg_view.cpp
  cg_weapons.cpp
  Generating Code...
  Compiling...
  cg_window.cpp
  CHitVolume.cpp
  Console.cpp
  Font.cpp
  Location.cpp
  LocationDB.cpp
  static.cpp
  cg_hardware.cpp
  bg_animation.cpp
  bg_animgroup.cpp
  bg_attack2.cpp
  bg_campaign.cpp
  bg_character.cpp
  bg_classes.cpp
  bg_jaymod.cpp
  bg_misc.cpp
  bg_molotov.cpp
  bg_pmove.cpp
  bg_slidemove.cpp
  bg_sscript.cpp
  Generating Code...
  Compiling...
  bg_stats.cpp
  bg_tracemap.cpp
  Engine.cpp
  Logger.cpp
  Process.cpp
  q_math.cpp
  q_shared.cpp
  SampledStat.cpp
  bg_cpu.cpp
  PairDump.cpp
  util.cpp
  Cvar.cpp
  ui_shared.cpp
  Generating Code...
  Engine.cpp
  Cvar.cpp
  util.cpp
  Process.cpp
     Creating library .\Debug\cgame_mp_x86.lib and object .\Debug\cgame_mp_x86.exp
  cgame.vcxproj -> C:\Users\hidde\Desktop\jaymod-AC\src\Debug\cgame_mp_x86.dll
  Copy to ET
