  g_main.cpp
  AbstractBulletModel.cpp
  AbstractBulletVolume.cpp
  AbstractHitModel.cpp
  AbstractHitVolume.cpp
  AbstractStateHitModel.cpp
  AdminLog.cpp
  AdvancedHitModel.cpp
  AlignedCuboidHV.cpp
  BasicHitModel.cpp
  CensorDB.cpp
  Client.cpp
  Database.cpp
  Entity.cpp
  EntityBulletModel.cpp
  EntityHitModel.cpp
  EtmainBulletModel.cpp
  EtmainHitModel.cpp
  etpro_mdx.cpp
  g_active.cpp
  g_alarm.cpp
  Generating Code...
  Compiling...
  g_antilag.cpp
  g_buddy_list.cpp
  g_character.cpp
  g_client.cpp
  g_cmds.cpp
  g_cmds_ext.cpp
  g_combat.cpp
  g_config.cpp
  g_fireteams.cpp
  g_items.cpp
  g_jaymod.cpp
  g_jaymod_utils.cpp
  g_killingspree.cpp
  g_match.cpp
  g_mem.cpp
  g_misc.cpp
  g_missile.cpp
  g_molotov.cpp
  g_mover.cpp
  g_multiview.cpp
  Generating Code...
  Compiling...
  g_props.cpp
  g_referee.cpp
  g_script.cpp
  g_script_actions.cpp
  g_session.cpp
  g_spawn.cpp
  g_stats.cpp
  g_sv_entities.cpp
  g_svcmds.cpp
  g_syscalls.cpp
  g_systemmsg.cpp
  g_target.cpp
  g_team.cpp
  g_teammapdata.cpp
  g_trigger.cpp
  g_utils.cpp
  g_vote.cpp
  g_weapon.cpp
  Level.cpp
  LevelDB.cpp
  Generating Code...
  Compiling...
  MapDB.cpp
  MapEntity.cpp
  MapEntityList.cpp
  MapRecord.cpp
  MuzzleBulletModel.cpp
  OrientedCuboidHV.cpp
  OrientedHitModel.cpp
  Privilege.cpp
  PrivilegeSet.cpp
  SEngine.cpp
  SingleBulletVolume.cpp
  StandardHitModel.cpp
  static.cpp
  TraceContext.cpp
  User.cpp
  UserDB.cpp
  About.cpp
  AbstractBuiltin.cpp
  AbstractCommand.cpp
  AdminTest.cpp
  Generating Code...
  Compiling...
  Ban.cpp
  BanInfo.cpp
  BanList.cpp
  BanUser.cpp
  CancelVote.cpp
  Chicken.cpp
  CrazyGravity.cpp
  CryBaby.cpp
  DbLoad.cpp
  DbSave.cpp
  Disorient.cpp
  Finger.cpp
  Fling.cpp
  Flinga.cpp
  FTime.cpp
  Glow.cpp
  Help.cpp
  Kick.cpp
  Launch.cpp
  Launcha.cpp
  Generating Code...
  Compiling...
  LevAdd.cpp
  LevDelete.cpp
  LevEdit.cpp
  LevInfo.cpp
  LevList.cpp
  ListPlayers.cpp
  Lock.cpp
  Lol.cpp
  LsPlayers.cpp
  Mute.cpp
  News.cpp
  NextMap.cpp
  Orient.cpp
  Page.cpp
  Pants.cpp
  PanzerWar.cpp
  Pause.cpp
  Pip.cpp
  Pop.cpp
  PutTeam.cpp
  Generating Code...
  Compiling...
  Rename.cpp
  Reset.cpp
  ResetmyXp.cpp
  ResetXp.cpp
  Restart.cpp
  Revive.cpp
  Seen.cpp
  SetLevel.cpp
  Shake.cpp
  Shuffle.cpp
  Slap.cpp
  Smite.cpp
  SniperWar.cpp
  Spec.cpp
  Spec999.cpp
  Splat.cpp
  Splata.cpp
  Status.cpp
  Swap.cpp
  Throw.cpp
  Generating Code...
  Compiling...
  Throwa.cpp
  Time.cpp
  Unban.cpp
  Unlock.cpp
  Unmute.cpp
  Unpause.cpp
  Uptime.cpp
  UserDelete.cpp
  UserEdit.cpp
  UserInfo.cpp
  UserList.cpp
  bg_animation.cpp
  bg_animgroup.cpp
  bg_attack2.cpp
  bg_campaign.cpp
  bg_character.cpp
  bg_classes.cpp
  bg_jaymod.cpp
  bg_misc.cpp
  bg_molotov.cpp
  Generating Code...
  Compiling...
  bg_pmove.cpp
  bg_slidemove.cpp
  bg_sscript.cpp
  bg_stats.cpp
  bg_tracemap.cpp
  Engine.cpp
  Logger.cpp
  Process.cpp
  q_math.cpp
  q_shared.cpp
  SampledStat.cpp
  bg_cpu.cpp
  PairDump.cpp
  util.cpp
  Cvar.cpp
  loader.cpp
  BotLoadLibrary.cpp
  g_etbot_interface.cpp
  Generating Code...
  Engine.cpp
  util.cpp
  util.cpp
  Cvar.cpp
  util.cpp
  Process.cpp
     Creating library .\Debug\qagame_mp_x86.lib and object .\Debug\qagame_mp_x86.exp
  game.vcxproj -> C:\Users\hidde\Desktop\jaymod-AC\src\Debug\qagame_mp_x86.dll
  Copy to ET
